[[36m2025-02-18 10:34:46,743[0m][[34mutils.utils[0m][[33mWARNING[0m] - Extras config not found! <cfg.extras=null>[0m
[[36m2025-02-18 10:34:46,744[0m][[34m__main__[0m][[32mINFO[0m] - Instantiating datamodule <bnn_aenet.datamodule.aenet_datamodule.AenetDataModule>[0m
0.1
(0.06565926932648217, 6.6588702845000975)
Train indices: 6253 [5757, 588, 2127, 6217, 1585]
Valid indices: 781 [5719, 2261, 1413, 2713, 5799]
Test indices: 781 [2496, 6248, 7331, 3091, 4123]
Train indices: 6253 [5757, 588, 2127, 6217, 1585]
Valid indices: 781 [5719, 2261, 1413, 2713, 5799]
Test indices: 781 [2496, 6248, 7331, 3091, 4123]
0.06565926932648217 6.6588702845000975
[[36m2025-02-18 10:34:58,047[0m][[34m__main__[0m][[32mINFO[0m] - Instantiating model <bnn_aenet.models.hnn.HNN>[0m
[[36m2025-02-18 10:36:20,434[0m][[34m__main__[0m][[32mINFO[0m] - Instantiating callbacks...[0m
[[36m2025-02-18 10:36:20,448[0m][[34mutils.utils[0m][[32mINFO[0m] - Instantiating callback <lightning.pytorch.callbacks.ModelCheckpoint>[0m
[[36m2025-02-18 10:36:20,464[0m][[34mutils.utils[0m][[32mINFO[0m] - Instantiating callback <lightning.pytorch.callbacks.EarlyStopping>[0m
[[36m2025-02-18 10:36:20,466[0m][[34mutils.utils[0m][[32mINFO[0m] - Instantiating callback <lightning.pytorch.callbacks.RichModelSummary>[0m
[[36m2025-02-18 10:36:20,467[0m][[34mutils.utils[0m][[32mINFO[0m] - Instantiating callback <lightning.pytorch.callbacks.RichProgressBar>[0m
[[36m2025-02-18 10:36:20,468[0m][[34m__main__[0m][[32mINFO[0m] - Instantiating loggers...[0m
[[36m2025-02-18 10:36:20,468[0m][[34mutils.utils[0m][[32mINFO[0m] - Instantiating logger <lightning.pytorch.loggers.tensorboard.TensorBoardLogger>[0m
[[36m2025-02-18 10:36:20,822[0m][[34m__main__[0m][[32mINFO[0m] - Instantiating trainer <lightning.pytorch.trainer.Trainer>[0m
[[36m2025-02-18 10:36:22,252[0m][[34m__main__[0m][[32mINFO[0m] - Logging hyperparameters![0m
[[36m2025-02-18 10:36:31,435[0m][[34m__main__[0m][[32mINFO[0m] - Starting training![0m
â”â”â”â”â”â”³â”â”â”â”â”â”â”â”â”â”â”â”â”â”â”â”â”â”â”â”â”â”â”â”â”â”â”â”â”â”â”â”â”â”â”â”³â”â”â”â”â”â”â”â”â”â”â”â”â”³â”â”â”â”â”â”â”â”â”“
â”ƒ    â”ƒ Name                              â”ƒ Type       â”ƒ Params â”ƒ
â”¡â”â”â”â”â•‡â”â”â”â”â”â”â”â”â”â”â”â”â”â”â”â”â”â”â”â”â”â”â”â”â”â”â”â”â”â”â”â”â”â”â”â•‡â”â”â”â”â”â”â”â”â”â”â”â”â•‡â”â”â”â”â”â”â”â”â”©
â”‚ 0  â”‚ net                               â”‚ NetAtom    â”‚  2.7 K â”‚
â”‚ 1  â”‚ net.networks                      â”‚ ModuleList â”‚  2.7 K â”‚
â”‚ 2  â”‚ net.networks.0                    â”‚ Sequential â”‚  1.3 K â”‚
â”‚ 3  â”‚ net.networks.0.Linear_Layer_1     â”‚ Linear     â”‚  1.1 K â”‚
â”‚ 4  â”‚ net.networks.0.Activation_Layer_1 â”‚ Tanh       â”‚      0 â”‚
â”‚ 5  â”‚ net.networks.0.Linear_Layer_2     â”‚ Linear     â”‚    240 â”‚
â”‚ 6  â”‚ net.networks.0.Output_Layer       â”‚ Linear     â”‚     32 â”‚
â”‚ 7  â”‚ net.networks.1                    â”‚ Sequential â”‚  1.3 K â”‚
â”‚ 8  â”‚ net.networks.1.Linear_Layer_1     â”‚ Linear     â”‚  1.1 K â”‚
â”‚ 9  â”‚ net.networks.1.Linear_Layer_2     â”‚ Linear     â”‚    240 â”‚
â”‚ 10 â”‚ net.networks.1.Output_Layer       â”‚ Linear     â”‚     32 â”‚
â””â”€â”€â”€â”€â”´â”€â”€â”€â”€â”€â”€â”€â”€â”€â”€â”€â”€â”€â”€â”€â”€â”€â”€â”€â”€â”€â”€â”€â”€â”€â”€â”€â”€â”€â”€â”€â”€â”€â”€â”€â”´â”€â”€â”€â”€â”€â”€â”€â”€â”€â”€â”€â”€â”´â”€â”€â”€â”€â”€â”€â”€â”€â”˜
Trainable params: 2.7 K                                                         
Non-trainable params: 0                                                         
Total params: 2.7 K                                                             
Total estimated model params size (MB): 0                                       
[[36m2025-02-18 16:52:38,856[0m][[34mutils.utils[0m][[33mWARNING[0m] - Extras config not found! <cfg.extras=null>[0m
[[36m2025-02-18 16:52:38,866[0m][[34m__main__[0m][[32mINFO[0m] - Instantiating datamodule <bnn_aenet.datamodule.aenet_datamodule.AenetDataModule>[0m
0.1
(0.06565926932648217, 6.6588702845000975)
Train indices: 6253 [5757, 588, 2127, 6217, 1585]
Valid indices: 781 [5719, 2261, 1413, 2713, 5799]
Test indices: 781 [2496, 6248, 7331, 3091, 4123]
Train indices: 6253 [5757, 588, 2127, 6217, 1585]
Valid indices: 781 [5719, 2261, 1413, 2713, 5799]
Test indices: 781 [2496, 6248, 7331, 3091, 4123]
0.06565926932648217 6.6588702845000975
[[36m2025-02-18 16:52:50,112[0m][[34m__main__[0m][[32mINFO[0m] - Instantiating model <bnn_aenet.models.hnn.HNN>[0m
[[36m2025-02-18 16:53:08,045[0m][[34m__main__[0m][[32mINFO[0m] - Instantiating callbacks...[0m
[[36m2025-02-18 16:53:08,047[0m][[34mutils.utils[0m][[32mINFO[0m] - Instantiating callback <lightning.pytorch.callbacks.ModelCheckpoint>[0m
[[36m2025-02-18 16:53:08,060[0m][[34mutils.utils[0m][[32mINFO[0m] - Instantiating callback <lightning.pytorch.callbacks.EarlyStopping>[0m
[[36m2025-02-18 16:53:08,063[0m][[34mutils.utils[0m][[32mINFO[0m] - Instantiating callback <lightning.pytorch.callbacks.RichModelSummary>[0m
[[36m2025-02-18 16:53:08,064[0m][[34mutils.utils[0m][[32mINFO[0m] - Instantiating callback <lightning.pytorch.callbacks.RichProgressBar>[0m
[[36m2025-02-18 16:53:08,065[0m][[34m__main__[0m][[32mINFO[0m] - Instantiating loggers...[0m
[[36m2025-02-18 16:53:08,066[0m][[34mutils.utils[0m][[32mINFO[0m] - Instantiating logger <lightning.pytorch.loggers.tensorboard.TensorBoardLogger>[0m
[[36m2025-02-18 16:53:08,094[0m][[34m__main__[0m][[32mINFO[0m] - Instantiating trainer <lightning.pytorch.trainer.Trainer>[0m
[[36m2025-02-18 16:53:11,270[0m][[34m__main__[0m][[32mINFO[0m] - Logging hyperparameters![0m
[[36m2025-02-18 16:53:14,499[0m][[34m__main__[0m][[32mINFO[0m] - Starting training![0m
â”â”â”â”â”â”³â”â”â”â”â”â”â”â”â”â”â”â”â”â”â”â”â”â”â”â”â”â”â”â”â”â”â”â”â”â”â”â”â”â”â”â”³â”â”â”â”â”â”â”â”â”â”â”â”â”³â”â”â”â”â”â”â”â”â”“
â”ƒ    â”ƒ Name                              â”ƒ Type       â”ƒ Params â”ƒ
â”¡â”â”â”â”â•‡â”â”â”â”â”â”â”â”â”â”â”â”â”â”â”â”â”â”â”â”â”â”â”â”â”â”â”â”â”â”â”â”â”â”â”â•‡â”â”â”â”â”â”â”â”â”â”â”â”â•‡â”â”â”â”â”â”â”â”â”©
â”‚ 0  â”‚ net                               â”‚ NetAtom    â”‚  2.7 K â”‚
â”‚ 1  â”‚ net.networks                      â”‚ ModuleList â”‚  2.7 K â”‚
â”‚ 2  â”‚ net.networks.0                    â”‚ Sequential â”‚  1.3 K â”‚
â”‚ 3  â”‚ net.networks.0.Linear_Layer_1     â”‚ Linear     â”‚  1.1 K â”‚
â”‚ 4  â”‚ net.networks.0.Activation_Layer_1 â”‚ Tanh       â”‚      0 â”‚
â”‚ 5  â”‚ net.networks.0.Linear_Layer_2     â”‚ Linear     â”‚    240 â”‚
â”‚ 6  â”‚ net.networks.0.Output_Layer       â”‚ Linear     â”‚     32 â”‚
â”‚ 7  â”‚ net.networks.1                    â”‚ Sequential â”‚  1.3 K â”‚
â”‚ 8  â”‚ net.networks.1.Linear_Layer_1     â”‚ Linear     â”‚  1.1 K â”‚
â”‚ 9  â”‚ net.networks.1.Linear_Layer_2     â”‚ Linear     â”‚    240 â”‚
â”‚ 10 â”‚ net.networks.1.Output_Layer       â”‚ Linear     â”‚     32 â”‚
â””â”€â”€â”€â”€â”´â”€â”€â”€â”€â”€â”€â”€â”€â”€â”€â”€â”€â”€â”€â”€â”€â”€â”€â”€â”€â”€â”€â”€â”€â”€â”€â”€â”€â”€â”€â”€â”€â”€â”€â”€â”´â”€â”€â”€â”€â”€â”€â”€â”€â”€â”€â”€â”€â”´â”€â”€â”€â”€â”€â”€â”€â”€â”˜
Trainable params: 2.7 K                                                         
Non-trainable params: 0                                                         
Total params: 2.7 K                                                             
Total estimated model params size (MB): 0                                       
[[36m2025-02-18 17:12:15,073[0m][[34mutils.utils[0m][[33mWARNING[0m] - Extras config not found! <cfg.extras=null>[0m
[[36m2025-02-18 17:12:15,073[0m][[34m__main__[0m][[32mINFO[0m] - Instantiating datamodule <bnn_aenet.datamodule.aenet_datamodule.AenetDataModule>[0m
0.1
(0.06565926932648217, 6.6588702845000975)
Train indices: 6253 [5757, 588, 2127, 6217, 1585]
Valid indices: 781 [5719, 2261, 1413, 2713, 5799]
Test indices: 781 [2496, 6248, 7331, 3091, 4123]
Train indices: 6253 [5757, 588, 2127, 6217, 1585]
Valid indices: 781 [5719, 2261, 1413, 2713, 5799]
Test indices: 781 [2496, 6248, 7331, 3091, 4123]
0.06565926932648217 6.6588702845000975
[[36m2025-02-18 17:12:25,349[0m][[34m__main__[0m][[32mINFO[0m] - Instantiating model <bnn_aenet.models.hnn.HNN>[0m
[[36m2025-02-18 17:13:45,402[0m][[34mutils.utils[0m][[33mWARNING[0m] - Extras config not found! <cfg.extras=null>[0m
[[36m2025-02-18 17:13:45,403[0m][[34m__main__[0m][[32mINFO[0m] - Instantiating datamodule <bnn_aenet.datamodule.aenet_datamodule.AenetDataModule>[0m
0.1
(0.06565926932648217, 6.6588702845000975)
Train indices: 6253 [5757, 588, 2127, 6217, 1585]
Valid indices: 781 [5719, 2261, 1413, 2713, 5799]
Test indices: 781 [2496, 6248, 7331, 3091, 4123]
Train indices: 6253 [5757, 588, 2127, 6217, 1585]
Valid indices: 781 [5719, 2261, 1413, 2713, 5799]
Test indices: 781 [2496, 6248, 7331, 3091, 4123]
0.06565926932648217 6.6588702845000975
[[36m2025-02-18 17:13:55,662[0m][[34m__main__[0m][[32mINFO[0m] - Instantiating model <bnn_aenet.models.hnn.HNN>[0m
[[36m2025-02-18 17:13:59,748[0m][[34m__main__[0m][[32mINFO[0m] - Instantiating callbacks...[0m
[[36m2025-02-18 17:13:59,749[0m][[34mutils.utils[0m][[32mINFO[0m] - Instantiating callback <lightning.pytorch.callbacks.ModelCheckpoint>[0m
[[36m2025-02-18 17:13:59,757[0m][[34mutils.utils[0m][[32mINFO[0m] - Instantiating callback <lightning.pytorch.callbacks.EarlyStopping>[0m
[[36m2025-02-18 17:13:59,759[0m][[34mutils.utils[0m][[32mINFO[0m] - Instantiating callback <lightning.pytorch.callbacks.RichModelSummary>[0m
[[36m2025-02-18 17:13:59,760[0m][[34mutils.utils[0m][[32mINFO[0m] - Instantiating callback <lightning.pytorch.callbacks.RichProgressBar>[0m
[[36m2025-02-18 17:13:59,761[0m][[34m__main__[0m][[32mINFO[0m] - Instantiating loggers...[0m
[[36m2025-02-18 17:13:59,761[0m][[34mutils.utils[0m][[32mINFO[0m] - Instantiating logger <lightning.pytorch.loggers.tensorboard.TensorBoardLogger>[0m
[[36m2025-02-18 17:13:59,777[0m][[34m__main__[0m][[32mINFO[0m] - Instantiating trainer <lightning.pytorch.trainer.Trainer>[0m
[[36m2025-02-18 17:14:00,140[0m][[34m__main__[0m][[32mINFO[0m] - Logging hyperparameters![0m
[[36m2025-02-18 17:14:05,270[0m][[34m__main__[0m][[32mINFO[0m] - Starting training![0m
â”â”â”â”â”â”³â”â”â”â”â”â”â”â”â”â”â”â”â”â”â”â”â”â”â”â”â”â”â”â”â”â”â”â”â”â”â”â”â”â”â”â”³â”â”â”â”â”â”â”â”â”â”â”â”â”³â”â”â”â”â”â”â”â”â”“
â”ƒ    â”ƒ Name                              â”ƒ Type       â”ƒ Params â”ƒ
â”¡â”â”â”â”â•‡â”â”â”â”â”â”â”â”â”â”â”â”â”â”â”â”â”â”â”â”â”â”â”â”â”â”â”â”â”â”â”â”â”â”â”â•‡â”â”â”â”â”â”â”â”â”â”â”â”â•‡â”â”â”â”â”â”â”â”â”©
â”‚ 0  â”‚ net                               â”‚ NetAtom    â”‚  2.7 K â”‚
â”‚ 1  â”‚ net.networks                      â”‚ ModuleList â”‚  2.7 K â”‚
â”‚ 2  â”‚ net.networks.0                    â”‚ Sequential â”‚  1.3 K â”‚
â”‚ 3  â”‚ net.networks.0.Linear_Layer_1     â”‚ Linear     â”‚  1.1 K â”‚
â”‚ 4  â”‚ net.networks.0.Activation_Layer_1 â”‚ Tanh       â”‚      0 â”‚
â”‚ 5  â”‚ net.networks.0.Linear_Layer_2     â”‚ Linear     â”‚    240 â”‚
â”‚ 6  â”‚ net.networks.0.Output_Layer       â”‚ Linear     â”‚     32 â”‚
â”‚ 7  â”‚ net.networks.1                    â”‚ Sequential â”‚  1.3 K â”‚
â”‚ 8  â”‚ net.networks.1.Linear_Layer_1     â”‚ Linear     â”‚  1.1 K â”‚
â”‚ 9  â”‚ net.networks.1.Linear_Layer_2     â”‚ Linear     â”‚    240 â”‚
â”‚ 10 â”‚ net.networks.1.Output_Layer       â”‚ Linear     â”‚     32 â”‚
â””â”€â”€â”€â”€â”´â”€â”€â”€â”€â”€â”€â”€â”€â”€â”€â”€â”€â”€â”€â”€â”€â”€â”€â”€â”€â”€â”€â”€â”€â”€â”€â”€â”€â”€â”€â”€â”€â”€â”€â”€â”´â”€â”€â”€â”€â”€â”€â”€â”€â”€â”€â”€â”€â”´â”€â”€â”€â”€â”€â”€â”€â”€â”˜
Trainable params: 2.7 K                                                         
Non-trainable params: 0                                                         
Total params: 2.7 K                                                             
Total estimated model params size (MB): 0                                       
[[36m2025-02-18 17:16:25,789[0m][[34mutils.utils[0m][[33mWARNING[0m] - Extras config not found! <cfg.extras=null>[0m
[[36m2025-02-18 17:16:25,790[0m][[34m__main__[0m][[32mINFO[0m] - Instantiating datamodule <bnn_aenet.datamodule.aenet_datamodule.AenetDataModule>[0m
0.1
(0.06565926932648217, 6.6588702845000975)
Train indices: 6253 [5757, 588, 2127, 6217, 1585]
Valid indices: 781 [5719, 2261, 1413, 2713, 5799]
Test indices: 781 [2496, 6248, 7331, 3091, 4123]
Train indices: 6253 [5757, 588, 2127, 6217, 1585]
Valid indices: 781 [5719, 2261, 1413, 2713, 5799]
Test indices: 781 [2496, 6248, 7331, 3091, 4123]
0.06565926932648217 6.6588702845000975
[[36m2025-02-18 17:16:35,503[0m][[34m__main__[0m][[32mINFO[0m] - Instantiating model <bnn_aenet.models.hnn.HNN>[0m
[[36m2025-02-18 17:16:38,091[0m][[34m__main__[0m][[32mINFO[0m] - Instantiating callbacks...[0m
[[36m2025-02-18 17:16:38,091[0m][[34mutils.utils[0m][[32mINFO[0m] - Instantiating callback <lightning.pytorch.callbacks.ModelCheckpoint>[0m
[[36m2025-02-18 17:16:38,098[0m][[34mutils.utils[0m][[32mINFO[0m] - Instantiating callback <lightning.pytorch.callbacks.EarlyStopping>[0m
[[36m2025-02-18 17:16:38,100[0m][[34mutils.utils[0m][[32mINFO[0m] - Instantiating callback <lightning.pytorch.callbacks.RichModelSummary>[0m
[[36m2025-02-18 17:16:38,101[0m][[34mutils.utils[0m][[32mINFO[0m] - Instantiating callback <lightning.pytorch.callbacks.RichProgressBar>[0m
[[36m2025-02-18 17:16:38,102[0m][[34m__main__[0m][[32mINFO[0m] - Instantiating loggers...[0m
[[36m2025-02-18 17:16:38,102[0m][[34mutils.utils[0m][[32mINFO[0m] - Instantiating logger <lightning.pytorch.loggers.tensorboard.TensorBoardLogger>[0m
[[36m2025-02-18 17:16:38,117[0m][[34m__main__[0m][[32mINFO[0m] - Instantiating trainer <lightning.pytorch.trainer.Trainer>[0m
[[36m2025-02-18 17:16:38,530[0m][[34m__main__[0m][[32mINFO[0m] - Logging hyperparameters![0m
[[36m2025-02-18 17:16:39,158[0m][[34m__main__[0m][[32mINFO[0m] - Starting training![0m
â”â”â”â”â”â”³â”â”â”â”â”â”â”â”â”â”â”â”â”â”â”â”â”â”â”â”â”â”â”â”â”â”â”â”â”â”â”â”â”â”â”â”³â”â”â”â”â”â”â”â”â”â”â”â”â”³â”â”â”â”â”â”â”â”â”“
â”ƒ    â”ƒ Name                              â”ƒ Type       â”ƒ Params â”ƒ
â”¡â”â”â”â”â•‡â”â”â”â”â”â”â”â”â”â”â”â”â”â”â”â”â”â”â”â”â”â”â”â”â”â”â”â”â”â”â”â”â”â”â”â•‡â”â”â”â”â”â”â”â”â”â”â”â”â•‡â”â”â”â”â”â”â”â”â”©
â”‚ 0  â”‚ net                               â”‚ NetAtom    â”‚  2.7 K â”‚
â”‚ 1  â”‚ net.networks                      â”‚ ModuleList â”‚  2.7 K â”‚
â”‚ 2  â”‚ net.networks.0                    â”‚ Sequential â”‚  1.3 K â”‚
â”‚ 3  â”‚ net.networks.0.Linear_Layer_1     â”‚ Linear     â”‚  1.1 K â”‚
â”‚ 4  â”‚ net.networks.0.Activation_Layer_1 â”‚ Tanh       â”‚      0 â”‚
â”‚ 5  â”‚ net.networks.0.Linear_Layer_2     â”‚ Linear     â”‚    240 â”‚
â”‚ 6  â”‚ net.networks.0.Output_Layer       â”‚ Linear     â”‚     32 â”‚
â”‚ 7  â”‚ net.networks.1                    â”‚ Sequential â”‚  1.3 K â”‚
â”‚ 8  â”‚ net.networks.1.Linear_Layer_1     â”‚ Linear     â”‚  1.1 K â”‚
â”‚ 9  â”‚ net.networks.1.Linear_Layer_2     â”‚ Linear     â”‚    240 â”‚
â”‚ 10 â”‚ net.networks.1.Output_Layer       â”‚ Linear     â”‚     32 â”‚
â””â”€â”€â”€â”€â”´â”€â”€â”€â”€â”€â”€â”€â”€â”€â”€â”€â”€â”€â”€â”€â”€â”€â”€â”€â”€â”€â”€â”€â”€â”€â”€â”€â”€â”€â”€â”€â”€â”€â”€â”€â”´â”€â”€â”€â”€â”€â”€â”€â”€â”€â”€â”€â”€â”´â”€â”€â”€â”€â”€â”€â”€â”€â”˜
Trainable params: 2.7 K                                                         
Non-trainable params: 0                                                         
Total params: 2.7 K                                                             
Total estimated model params size (MB): 0                                       
[[36m2025-02-19 13:25:36,201[0m][[34mutils.utils[0m][[33mWARNING[0m] - Extras config not found! <cfg.extras=null>[0m
[[36m2025-02-19 13:25:36,217[0m][[34m__main__[0m][[32mINFO[0m] - Instantiating datamodule <bnn_aenet.datamodule.aenet_datamodule.AenetDataModule>[0m
0.1
(0.06565926932648217, 6.6588702845000975)
Train indices: 6253 [5757, 588, 2127, 6217, 1585]
Valid indices: 781 [5719, 2261, 1413, 2713, 5799]
Test indices: 781 [2496, 6248, 7331, 3091, 4123]
Train indices: 6253 [5757, 588, 2127, 6217, 1585]
Valid indices: 781 [5719, 2261, 1413, 2713, 5799]
Test indices: 781 [2496, 6248, 7331, 3091, 4123]
0.06565926932648217 6.6588702845000975
[[36m2025-02-19 13:25:45,996[0m][[34m__main__[0m][[32mINFO[0m] - Instantiating model <bnn_aenet.models.hnn.HNN>[0m
[[36m2025-02-19 13:25:53,789[0m][[34m__main__[0m][[32mINFO[0m] - Instantiating callbacks...[0m
[[36m2025-02-19 13:25:53,790[0m][[34mutils.utils[0m][[32mINFO[0m] - Instantiating callback <lightning.pytorch.callbacks.ModelCheckpoint>[0m
[[36m2025-02-19 13:25:53,793[0m][[34mutils.utils[0m][[32mINFO[0m] - Instantiating callback <lightning.pytorch.callbacks.EarlyStopping>[0m
[[36m2025-02-19 13:25:53,794[0m][[34mutils.utils[0m][[32mINFO[0m] - Instantiating callback <lightning.pytorch.callbacks.RichModelSummary>[0m
[[36m2025-02-19 13:25:53,794[0m][[34mutils.utils[0m][[32mINFO[0m] - Instantiating callback <lightning.pytorch.callbacks.RichProgressBar>[0m
[[36m2025-02-19 13:25:53,794[0m][[34m__main__[0m][[32mINFO[0m] - Instantiating loggers...[0m
[[36m2025-02-19 13:25:53,795[0m][[34mutils.utils[0m][[32mINFO[0m] - Instantiating logger <lightning.pytorch.loggers.tensorboard.TensorBoardLogger>[0m
[[36m2025-02-19 13:25:53,803[0m][[34m__main__[0m][[32mINFO[0m] - Instantiating trainer <lightning.pytorch.trainer.Trainer>[0m
[[36m2025-02-19 13:25:54,001[0m][[34m__main__[0m][[32mINFO[0m] - Logging hyperparameters![0m
[[36m2025-02-19 13:26:02,339[0m][[34m__main__[0m][[32mINFO[0m] - Starting training![0m
â”â”â”â”â”â”³â”â”â”â”â”â”â”â”â”â”â”â”â”â”â”â”â”â”â”â”â”â”â”â”â”â”â”â”â”â”â”â”â”â”â”â”³â”â”â”â”â”â”â”â”â”â”â”â”â”³â”â”â”â”â”â”â”â”â”“
â”ƒ    â”ƒ Name                              â”ƒ Type       â”ƒ Params â”ƒ
â”¡â”â”â”â”â•‡â”â”â”â”â”â”â”â”â”â”â”â”â”â”â”â”â”â”â”â”â”â”â”â”â”â”â”â”â”â”â”â”â”â”â”â•‡â”â”â”â”â”â”â”â”â”â”â”â”â•‡â”â”â”â”â”â”â”â”â”©
â”‚ 0  â”‚ net                               â”‚ NetAtom    â”‚  2.7 K â”‚
â”‚ 1  â”‚ net.networks                      â”‚ ModuleList â”‚  2.7 K â”‚
â”‚ 2  â”‚ net.networks.0                    â”‚ Sequential â”‚  1.3 K â”‚
â”‚ 3  â”‚ net.networks.0.Linear_Layer_1     â”‚ Linear     â”‚  1.1 K â”‚
â”‚ 4  â”‚ net.networks.0.Activation_Layer_1 â”‚ Tanh       â”‚      0 â”‚
â”‚ 5  â”‚ net.networks.0.Linear_Layer_2     â”‚ Linear     â”‚    240 â”‚
â”‚ 6  â”‚ net.networks.0.Output_Layer       â”‚ Linear     â”‚     32 â”‚
â”‚ 7  â”‚ net.networks.1                    â”‚ Sequential â”‚  1.3 K â”‚
â”‚ 8  â”‚ net.networks.1.Linear_Layer_1     â”‚ Linear     â”‚  1.1 K â”‚
â”‚ 9  â”‚ net.networks.1.Linear_Layer_2     â”‚ Linear     â”‚    240 â”‚
â”‚ 10 â”‚ net.networks.1.Output_Layer       â”‚ Linear     â”‚     32 â”‚
â””â”€â”€â”€â”€â”´â”€â”€â”€â”€â”€â”€â”€â”€â”€â”€â”€â”€â”€â”€â”€â”€â”€â”€â”€â”€â”€â”€â”€â”€â”€â”€â”€â”€â”€â”€â”€â”€â”€â”€â”€â”´â”€â”€â”€â”€â”€â”€â”€â”€â”€â”€â”€â”€â”´â”€â”€â”€â”€â”€â”€â”€â”€â”˜
Trainable params: 2.7 K                                                         
Non-trainable params: 0                                                         
Total params: 2.7 K                                                             
Total estimated model params size (MB): 0                                       
Epoch 2965/49999 â”â”â”â”â”â”â”â”â”â”â”â”â”â”â” 195/195 0:00:01 â€¢       112.67it/s v_num: 0.000
                                         0:00:00                                [[36m2025-02-20 20:33:52,849[0m][[34mutils.utils[0m][[31mERROR[0m] - [0m
Traceback (most recent call last):
  File "/home/g15farris/.conda/envs/bnn/lib/python3.12/site-packages/lightning/pytorch/trainer/call.py", line 44, in _call_and_handle_interrupt
  File "/home/g15farris/.conda/envs/bnn/lib/python3.12/site-packages/lightning/pytorch/trainer/trainer.py", line 580, in _fit_impl
  File "/home/g15farris/.conda/envs/bnn/lib/python3.12/site-packages/lightning/pytorch/trainer/trainer.py", line 987, in _run
  File "/home/g15farris/.conda/envs/bnn/lib/python3.12/site-packages/lightning/pytorch/trainer/trainer.py", line 1033, in _run_stage
  File "/home/g15farris/.conda/envs/bnn/lib/python3.12/site-packages/lightning/pytorch/loops/fit_loop.py", line 205, in run
  File "/home/g15farris/.conda/envs/bnn/lib/python3.12/site-packages/lightning/pytorch/loops/fit_loop.py", line 363, in advance
  File "/home/g15farris/.conda/envs/bnn/lib/python3.12/site-packages/lightning/pytorch/loops/training_epoch_loop.py", line 141, in run
  File "/home/g15farris/.conda/envs/bnn/lib/python3.12/site-packages/lightning/pytorch/loops/training_epoch_loop.py", line 295, in on_advance_end
  File "/home/g15farris/.conda/envs/bnn/lib/python3.12/site-packages/lightning/pytorch/loops/utilities.py", line 182, in _decorator
  File "/home/g15farris/.conda/envs/bnn/lib/python3.12/site-packages/lightning/pytorch/loops/evaluation_loop.py", line 142, in run
  File "/home/g15farris/.conda/envs/bnn/lib/python3.12/site-packages/lightning/pytorch/loops/evaluation_loop.py", line 265, in on_run_end
  File "/home/g15farris/.conda/envs/bnn/lib/python3.12/site-packages/lightning/pytorch/trainer/connectors/logger_connector/logger_connector.py", line 150, in log_eval_end_metrics
  File "/home/g15farris/.conda/envs/bnn/lib/python3.12/site-packages/lightning/pytorch/trainer/connectors/logger_connector/logger_connector.py", line 118, in log_metrics
  File "/home/g15farris/.conda/envs/bnn/lib/python3.12/site-packages/lightning_utilities/core/rank_zero.py", line 42, in wrapped_fn
  File "/home/g15farris/.conda/envs/bnn/lib/python3.12/site-packages/lightning/pytorch/loggers/tensorboard.py", line 213, in save
  File "/home/g15farris/.conda/envs/bnn/lib/python3.12/site-packages/lightning_utilities/core/rank_zero.py", line 42, in wrapped_fn
  File "/home/g15farris/.conda/envs/bnn/lib/python3.12/site-packages/lightning/fabric/loggers/tensorboard.py", line 293, in save
  File "/home/g15farris/.conda/envs/bnn/lib/python3.12/site-packages/torch/utils/tensorboard/writer.py", line 1256, in flush
  File "/home/g15farris/.conda/envs/bnn/lib/python3.12/site-packages/torch/utils/tensorboard/writer.py", line 152, in flush
  File "/home/g15farris/.conda/envs/bnn/lib/python3.12/site-packages/tensorboard/summary/writer/event_file_writer.py", line 125, in flush
  File "/home/g15farris/.conda/envs/bnn/lib/python3.12/site-packages/tensorboard/summary/writer/event_file_writer.py", line 194, in flush
  File "/home/g15farris/.conda/envs/bnn/lib/python3.12/site-packages/tensorboard/summary/writer/event_file_writer.py", line 212, in _check_worker_status
  File "/home/g15farris/.conda/envs/bnn/lib/python3.12/threading.py", line 1073, in _bootstrap_inner
  File "/home/g15farris/.conda/envs/bnn/lib/python3.12/site-packages/tensorboard/summary/writer/event_file_writer.py", line 244, in run
  File "/home/g15farris/.conda/envs/bnn/lib/python3.12/site-packages/tensorboard/summary/writer/event_file_writer.py", line 275, in _run
  File "/home/g15farris/.conda/envs/bnn/lib/python3.12/site-packages/tensorboard/summary/writer/record_writer.py", line 40, in write
  File "/home/g15farris/.conda/envs/bnn/lib/python3.12/site-packages/tensorboard/compat/tensorflow_stub/io/gfile.py", line 773, in write
  File "/home/g15farris/.conda/envs/bnn/lib/python3.12/site-packages/tensorboard/compat/tensorflow_stub/io/gfile.py", line 167, in append
  File "/home/g15farris/.conda/envs/bnn/lib/python3.12/site-packages/tensorboard/compat/tensorflow_stub/io/gfile.py", line 171, in _write
OSError: [Errno 5] Input/output error: b'/home/g15farris/bin/bayesaenet/bnn_aenet/logs/TiO_train_hnn_80perc/runs/2025-02-19_13-25-32/tensorboard/version_0/events.out.tfevents.1739967962.g8noder19.61586.0'

During handling of the above exception, another exception occurred:

Traceback (most recent call last):
  File "/home/g15farris/bin/bayesaenet/bnn_aenet/tasks/utils/utils.py", line 39, in wrap
  File "/home/g15farris/bin/bayesaenet/bnn_aenet/tasks/train.py", line 92, in train
  File "/home/g15farris/.conda/envs/bnn/lib/python3.12/site-packages/lightning/pytorch/trainer/trainer.py", line 544, in fit
  File "/home/g15farris/.conda/envs/bnn/lib/python3.12/site-packages/lightning/pytorch/trainer/call.py", line 64, in _call_and_handle_interrupt
  File "/home/g15farris/.conda/envs/bnn/lib/python3.12/site-packages/lightning/pytorch/trainer/call.py", line 208, in _call_callback_hooks
  File "/home/g15farris/.conda/envs/bnn/lib/python3.12/site-packages/lightning/pytorch/callbacks/progress/rich_progress.py", line 641, in on_exception
  File "/home/g15farris/.conda/envs/bnn/lib/python3.12/site-packages/lightning/pytorch/callbacks/progress/rich_progress.py", line 614, in _stop_progress
  File "/home/g15farris/.conda/envs/bnn/lib/python3.12/site-packages/rich/progress.py", line 1163, in stop
  File "/home/g15farris/.conda/envs/bnn/lib/python3.12/site-packages/rich/live.py", line 147, in stop
  File "/home/g15farris/.conda/envs/bnn/lib/python3.12/site-packages/rich/console.py", line 865, in __exit__
  File "/home/g15farris/.conda/envs/bnn/lib/python3.12/site-packages/rich/console.py", line 823, in _exit_buffer
  File "/home/g15farris/.conda/envs/bnn/lib/python3.12/site-packages/rich/console.py", line 2065, in _check_buffer
OSError: [Errno 5] Input/output error

[[36m2025-02-21 07:18:15,937[0m][[34mutils.utils[0m][[32mINFO[0m] - Closing loggers...[0m
