[[36m2025-02-20 11:23:20,301[0m][[34mutils.utils[0m][[33mWARNING[0m] - Extras config not found! <cfg.extras=null>[0m
[[36m2025-02-20 11:23:20,370[0m][[34m__main__[0m][[32mINFO[0m] - Instantiating datamodule <bnn_aenet.datamodule.aenet_datamodule.AenetDataModule>[0m
0.1
(0.06565926932648217, 6.6588702845000975)
Train indices: 6253 [5757, 588, 2127, 6217, 1585]
Valid indices: 781 [5719, 2261, 1413, 2713, 5799]
Test indices: 781 [2496, 6248, 7331, 3091, 4123]
Train indices: 6253 [5757, 588, 2127, 6217, 1585]
Valid indices: 781 [5719, 2261, 1413, 2713, 5799]
Test indices: 781 [2496, 6248, 7331, 3091, 4123]
0.06565926932648217 6.6588702845000975
[[36m2025-02-20 11:23:35,063[0m][[34m__main__[0m][[32mINFO[0m] - Instantiating model <bnn_aenet.models.hnn.HNN>[0m
Dropout layer 1 added with p=0.2027662556391587
Dropout layer 2 added with p=0.2027662556391587
Dropout layer 1 added with p=0.2027662556391587
Dropout layer 2 added with p=0.2027662556391587
[[36m2025-02-20 11:24:03,179[0m][[34m__main__[0m][[32mINFO[0m] - Instantiating callbacks...[0m
[[36m2025-02-20 11:24:03,218[0m][[34mutils.utils[0m][[32mINFO[0m] - Instantiating callback <lightning.pytorch.callbacks.ModelCheckpoint>[0m
[[36m2025-02-20 11:24:03,419[0m][[34mutils.utils[0m][[32mINFO[0m] - Instantiating callback <lightning.pytorch.callbacks.EarlyStopping>[0m
[[36m2025-02-20 11:24:03,422[0m][[34mutils.utils[0m][[32mINFO[0m] - Instantiating callback <lightning.pytorch.callbacks.RichModelSummary>[0m
[[36m2025-02-20 11:24:03,423[0m][[34mutils.utils[0m][[32mINFO[0m] - Instantiating callback <lightning.pytorch.callbacks.RichProgressBar>[0m
[[36m2025-02-20 11:24:03,506[0m][[34m__main__[0m][[32mINFO[0m] - Instantiating loggers...[0m
[[36m2025-02-20 11:24:03,507[0m][[34mutils.utils[0m][[32mINFO[0m] - Instantiating logger <lightning.pytorch.loggers.tensorboard.TensorBoardLogger>[0m
[[36m2025-02-20 11:24:04,313[0m][[34m__main__[0m][[32mINFO[0m] - Instantiating trainer <lightning.pytorch.trainer.Trainer>[0m
[[36m2025-02-20 11:24:11,740[0m][[34m__main__[0m][[32mINFO[0m] - Logging hyperparameters![0m
[[36m2025-02-20 11:24:18,245[0m][[34m__main__[0m][[32mINFO[0m] - Starting training![0m
┏━━━━┳━━━━━━━━━━━━━━━━━━━━━━━━━━━━━━━━━━━┳━━━━━━━━━━━━┳━━━━━━━━┓
┃    ┃ Name                              ┃ Type       ┃ Params ┃
┡━━━━╇━━━━━━━━━━━━━━━━━━━━━━━━━━━━━━━━━━━╇━━━━━━━━━━━━╇━━━━━━━━┩
│ 0  │ net                               │ NetAtom    │  2.7 K │
│ 1  │ net.networks                      │ ModuleList │  2.7 K │
│ 2  │ net.networks.0                    │ Sequential │  1.3 K │
│ 3  │ net.networks.0.Linear_Layer_1     │ Linear     │  1.1 K │
│ 4  │ net.networks.0.Dropout_Layer_1    │ Dropout    │      0 │
│ 5  │ net.networks.0.Activation_Layer_1 │ Tanh       │      0 │
│ 6  │ net.networks.0.Linear_Layer_2     │ Linear     │    240 │
│ 7  │ net.networks.0.Dropout_Layer_2    │ Dropout    │      0 │
│ 8  │ net.networks.0.Output_Layer       │ Linear     │     32 │
│ 9  │ net.networks.1                    │ Sequential │  1.3 K │
│ 10 │ net.networks.1.Linear_Layer_1     │ Linear     │  1.1 K │
│ 11 │ net.networks.1.Dropout_Layer_1    │ Dropout    │      0 │
│ 12 │ net.networks.1.Linear_Layer_2     │ Linear     │    240 │
│ 13 │ net.networks.1.Dropout_Layer_2    │ Dropout    │      0 │
│ 14 │ net.networks.1.Output_Layer       │ Linear     │     32 │
└────┴───────────────────────────────────┴────────────┴────────┘
Trainable params: 2.7 K                                                         
Non-trainable params: 0                                                         
Total params: 2.7 K                                                             
Total estimated model params size (MB): 0                                       
Epoch 2066/49999 ━━━━━━━━━━━━━━━━ 98/98 0:00:00 •        109.95it/s v_num: 0.000
                                        0:00:00                                 [[36m2025-02-20 20:29:23,470[0m][[34mutils.utils[0m][[31mERROR[0m] - [0m
Traceback (most recent call last):
  File "/home/g15farris/.conda/envs/bnn/lib/python3.12/site-packages/lightning/pytorch/trainer/call.py", line 44, in _call_and_handle_interrupt
  File "/home/g15farris/.conda/envs/bnn/lib/python3.12/site-packages/lightning/pytorch/trainer/trainer.py", line 580, in _fit_impl
  File "/home/g15farris/.conda/envs/bnn/lib/python3.12/site-packages/lightning/pytorch/trainer/trainer.py", line 987, in _run
  File "/home/g15farris/.conda/envs/bnn/lib/python3.12/site-packages/lightning/pytorch/trainer/trainer.py", line 1033, in _run_stage
  File "/home/g15farris/.conda/envs/bnn/lib/python3.12/site-packages/lightning/pytorch/loops/fit_loop.py", line 205, in run
  File "/home/g15farris/.conda/envs/bnn/lib/python3.12/site-packages/lightning/pytorch/loops/fit_loop.py", line 363, in advance
  File "/home/g15farris/.conda/envs/bnn/lib/python3.12/site-packages/lightning/pytorch/loops/training_epoch_loop.py", line 141, in run
  File "/home/g15farris/.conda/envs/bnn/lib/python3.12/site-packages/lightning/pytorch/loops/training_epoch_loop.py", line 295, in on_advance_end
  File "/home/g15farris/.conda/envs/bnn/lib/python3.12/site-packages/lightning/pytorch/loops/utilities.py", line 182, in _decorator
  File "/home/g15farris/.conda/envs/bnn/lib/python3.12/site-packages/lightning/pytorch/loops/evaluation_loop.py", line 142, in run
  File "/home/g15farris/.conda/envs/bnn/lib/python3.12/site-packages/lightning/pytorch/loops/evaluation_loop.py", line 265, in on_run_end
  File "/home/g15farris/.conda/envs/bnn/lib/python3.12/site-packages/lightning/pytorch/trainer/connectors/logger_connector/logger_connector.py", line 150, in log_eval_end_metrics
  File "/home/g15farris/.conda/envs/bnn/lib/python3.12/site-packages/lightning/pytorch/trainer/connectors/logger_connector/logger_connector.py", line 118, in log_metrics
  File "/home/g15farris/.conda/envs/bnn/lib/python3.12/site-packages/lightning_utilities/core/rank_zero.py", line 42, in wrapped_fn
  File "/home/g15farris/.conda/envs/bnn/lib/python3.12/site-packages/lightning/pytorch/loggers/tensorboard.py", line 213, in save
  File "/home/g15farris/.conda/envs/bnn/lib/python3.12/site-packages/lightning_utilities/core/rank_zero.py", line 42, in wrapped_fn
  File "/home/g15farris/.conda/envs/bnn/lib/python3.12/site-packages/lightning/fabric/loggers/tensorboard.py", line 293, in save
  File "/home/g15farris/.conda/envs/bnn/lib/python3.12/site-packages/torch/utils/tensorboard/writer.py", line 1256, in flush
  File "/home/g15farris/.conda/envs/bnn/lib/python3.12/site-packages/torch/utils/tensorboard/writer.py", line 152, in flush
  File "/home/g15farris/.conda/envs/bnn/lib/python3.12/site-packages/tensorboard/summary/writer/event_file_writer.py", line 125, in flush
  File "/home/g15farris/.conda/envs/bnn/lib/python3.12/site-packages/tensorboard/summary/writer/event_file_writer.py", line 194, in flush
  File "/home/g15farris/.conda/envs/bnn/lib/python3.12/site-packages/tensorboard/summary/writer/event_file_writer.py", line 212, in _check_worker_status
  File "/home/g15farris/.conda/envs/bnn/lib/python3.12/threading.py", line 1073, in _bootstrap_inner
  File "/home/g15farris/.conda/envs/bnn/lib/python3.12/site-packages/tensorboard/summary/writer/event_file_writer.py", line 244, in run
  File "/home/g15farris/.conda/envs/bnn/lib/python3.12/site-packages/tensorboard/summary/writer/event_file_writer.py", line 275, in _run
  File "/home/g15farris/.conda/envs/bnn/lib/python3.12/site-packages/tensorboard/summary/writer/record_writer.py", line 40, in write
  File "/home/g15farris/.conda/envs/bnn/lib/python3.12/site-packages/tensorboard/compat/tensorflow_stub/io/gfile.py", line 773, in write
  File "/home/g15farris/.conda/envs/bnn/lib/python3.12/site-packages/tensorboard/compat/tensorflow_stub/io/gfile.py", line 167, in append
  File "/home/g15farris/.conda/envs/bnn/lib/python3.12/site-packages/tensorboard/compat/tensorflow_stub/io/gfile.py", line 171, in _write
OSError: [Errno 5] Input/output error: b'/home/g15farris/bin/bayesaenet/bnn_aenet/logs/TiO_train_mcd_80perc/runs/2025-02-20_11-23-16/tensorboard/version_0/events.out.tfevents.1740047057.g4noder17.34464.0'

During handling of the above exception, another exception occurred:

Traceback (most recent call last):
  File "/home/g15farris/bin/bayesaenet/bnn_aenet/tasks/utils/utils.py", line 39, in wrap
  File "/home/g15farris/bin/bayesaenet/bnn_aenet/tasks/train.py", line 92, in train
  File "/home/g15farris/.conda/envs/bnn/lib/python3.12/site-packages/lightning/pytorch/trainer/trainer.py", line 544, in fit
  File "/home/g15farris/.conda/envs/bnn/lib/python3.12/site-packages/lightning/pytorch/trainer/call.py", line 64, in _call_and_handle_interrupt
  File "/home/g15farris/.conda/envs/bnn/lib/python3.12/site-packages/lightning/pytorch/trainer/call.py", line 208, in _call_callback_hooks
  File "/home/g15farris/.conda/envs/bnn/lib/python3.12/site-packages/lightning/pytorch/callbacks/progress/rich_progress.py", line 641, in on_exception
  File "/home/g15farris/.conda/envs/bnn/lib/python3.12/site-packages/lightning/pytorch/callbacks/progress/rich_progress.py", line 614, in _stop_progress
  File "/home/g15farris/.conda/envs/bnn/lib/python3.12/site-packages/rich/progress.py", line 1163, in stop
  File "/home/g15farris/.conda/envs/bnn/lib/python3.12/site-packages/rich/live.py", line 147, in stop
  File "/home/g15farris/.conda/envs/bnn/lib/python3.12/site-packages/rich/console.py", line 865, in __exit__
  File "/home/g15farris/.conda/envs/bnn/lib/python3.12/site-packages/rich/console.py", line 823, in _exit_buffer
  File "/home/g15farris/.conda/envs/bnn/lib/python3.12/site-packages/rich/console.py", line 2065, in _check_buffer
OSError: [Errno 5] Input/output error
