GPU available: False, used: False
TPU available: False, using: 0 TPU cores
IPU available: False, using: 0 IPUs
HPU available: False, using: 0 HPUs
Missing logger folder: /home/g15farris/bin/bayesaenet/bnn_aenet/logs/rad_pred_20_66912505/runs/2025-03-10_11-28-02/lightning_logs
Restoring states from the checkpoint path at bnn_aenet/logs/rad_train_20perc_66912505/runs/2025-02-27_09-43-35/checkpoints/epoch_17089-step_341800.ckpt
Loaded model weights from the checkpoint at bnn_aenet/logs/rad_train_20perc_66912505/runs/2025-02-27_09-43-35/checkpoints/epoch_17089-step_341800.ckpt
GPU available: False, used: False
TPU available: False, using: 0 TPU cores
IPU available: False, using: 0 IPUs
HPU available: False, using: 0 HPUs
Missing logger folder: /home/g15farris/bin/bayesaenet/bnn_aenet/logs/rad_pred_20_24301677/runs/2025-03-10_11-28-37/lightning_logs
Restoring states from the checkpoint path at bnn_aenet/logs/rad_train_20perc_24301677/runs/2025-02-27_09-43-35/checkpoints/epoch_39027-step_780560.ckpt
Loaded model weights from the checkpoint at bnn_aenet/logs/rad_train_20perc_24301677/runs/2025-02-27_09-43-35/checkpoints/epoch_39027-step_780560.ckpt
GPU available: False, used: False
TPU available: False, using: 0 TPU cores
IPU available: False, using: 0 IPUs
HPU available: False, using: 0 HPUs
Missing logger folder: /home/g15farris/bin/bayesaenet/bnn_aenet/logs/rad_pred_20_97229210/runs/2025-03-10_11-29-05/lightning_logs
Restoring states from the checkpoint path at bnn_aenet/logs/rad_train_20perc_97229210/runs/2025-02-27_09-43-35/checkpoints/epoch_43462-step_869260.ckpt
Loaded model weights from the checkpoint at bnn_aenet/logs/rad_train_20perc_97229210/runs/2025-02-27_09-43-35/checkpoints/epoch_43462-step_869260.ckpt
GPU available: False, used: False
TPU available: False, using: 0 TPU cores
IPU available: False, using: 0 IPUs
HPU available: False, using: 0 HPUs
Missing logger folder: /home/g15farris/bin/bayesaenet/bnn_aenet/logs/rad_pred_20_75720966/runs/2025-03-10_11-29-36/lightning_logs
Restoring states from the checkpoint path at bnn_aenet/logs/rad_train_20perc_75720966/runs/2025-02-27_09-43-52/checkpoints/epoch_47060-step_941220.ckpt
Loaded model weights from the checkpoint at bnn_aenet/logs/rad_train_20perc_75720966/runs/2025-02-27_09-43-52/checkpoints/epoch_47060-step_941220.ckpt
GPU available: False, used: False
TPU available: False, using: 0 TPU cores
IPU available: False, using: 0 IPUs
HPU available: False, using: 0 HPUs
Missing logger folder: /home/g15farris/bin/bayesaenet/bnn_aenet/logs/rad_pred_20_79999720/runs/2025-03-10_11-29-48/lightning_logs
Restoring states from the checkpoint path at bnn_aenet/logs/rad_train_20perc_79999720/runs/2025-02-27_09-43-52/checkpoints/epoch_25362-step_507260.ckpt
Loaded model weights from the checkpoint at bnn_aenet/logs/rad_train_20perc_79999720/runs/2025-02-27_09-43-52/checkpoints/epoch_25362-step_507260.ckpt
GPU available: False, used: False
TPU available: False, using: 0 TPU cores
IPU available: False, using: 0 IPUs
HPU available: False, using: 0 HPUs
GPU available: False, used: False
TPU available: False, using: 0 TPU cores
IPU available: False, using: 0 IPUs
HPU available: False, using: 0 HPUs
GPU available: False, used: False
TPU available: False, using: 0 TPU cores
IPU available: False, using: 0 IPUs
HPU available: False, using: 0 HPUs
GPU available: False, used: False
TPU available: False, using: 0 TPU cores
IPU available: False, using: 0 IPUs
HPU available: False, using: 0 HPUs
GPU available: False, used: False
TPU available: False, using: 0 TPU cores
IPU available: False, using: 0 IPUs
HPU available: False, using: 0 HPUs
GPU available: False, used: False
TPU available: False, using: 0 TPU cores
IPU available: False, using: 0 IPUs
HPU available: False, using: 0 HPUs
Missing logger folder: /home/g15farris/bin/bayesaenet/bnn_aenet/logs/rad_pred_100_54924759/runs/2025-03-10_17-04-44/lightning_logs
Restoring states from the checkpoint path at bnn_aenet/logs/rad_train_100perc_54924759/runs/2025-03-10_11-33-22/checkpoints/epoch_6380-step_159525.ckpt
Loaded model weights from the checkpoint at bnn_aenet/logs/rad_train_100perc_54924759/runs/2025-03-10_11-33-22/checkpoints/epoch_6380-step_159525.ckpt
GPU available: False, used: False
TPU available: False, using: 0 TPU cores
IPU available: False, using: 0 IPUs
HPU available: False, using: 0 HPUs
Missing logger folder: /home/g15farris/bin/bayesaenet/bnn_aenet/logs/rad_pred_100_77283966/runs/2025-03-10_17-04-55/lightning_logs
Restoring states from the checkpoint path at bnn_aenet/logs/rad_train_100perc_77283966/runs/2025-03-10_11-33-22/checkpoints/epoch_7085-step_177150.ckpt
Loaded model weights from the checkpoint at bnn_aenet/logs/rad_train_100perc_77283966/runs/2025-03-10_11-33-22/checkpoints/epoch_7085-step_177150.ckpt
GPU available: False, used: False
TPU available: False, using: 0 TPU cores
IPU available: False, using: 0 IPUs
HPU available: False, using: 0 HPUs
Missing logger folder: /home/g15farris/bin/bayesaenet/bnn_aenet/logs/rad_pred_100_62514774/runs/2025-03-10_17-05-04/lightning_logs
Restoring states from the checkpoint path at bnn_aenet/logs/rad_train_100perc_62514774/runs/2025-03-10_11-33-22/checkpoints/epoch_8223-step_205600.ckpt
Loaded model weights from the checkpoint at bnn_aenet/logs/rad_train_100perc_62514774/runs/2025-03-10_11-33-22/checkpoints/epoch_8223-step_205600.ckpt
GPU available: False, used: False
TPU available: False, using: 0 TPU cores
IPU available: False, using: 0 IPUs
HPU available: False, using: 0 HPUs
Missing logger folder: /home/g15farris/bin/bayesaenet/bnn_aenet/logs/rad_pred_100_56540453/runs/2025-03-10_17-05-14/lightning_logs
Restoring states from the checkpoint path at bnn_aenet/logs/rad_train_100perc_56540453/runs/2025-03-10_11-33-27/checkpoints/epoch_11909-step_297750.ckpt
Loaded model weights from the checkpoint at bnn_aenet/logs/rad_train_100perc_56540453/runs/2025-03-10_11-33-27/checkpoints/epoch_11909-step_297750.ckpt
GPU available: False, used: False
TPU available: False, using: 0 TPU cores
IPU available: False, using: 0 IPUs
HPU available: False, using: 0 HPUs
Missing logger folder: /home/g15farris/bin/bayesaenet/bnn_aenet/logs/rad_pred_100_50368337/runs/2025-03-10_17-05-24/lightning_logs
Restoring states from the checkpoint path at bnn_aenet/logs/rad_train_100perc_50368337/runs/2025-03-10_11-33-27/checkpoints/epoch_10365-step_259150.ckpt
Loaded model weights from the checkpoint at bnn_aenet/logs/rad_train_100perc_50368337/runs/2025-03-10_11-33-27/checkpoints/epoch_10365-step_259150.ckpt
GPU available: False, used: False
TPU available: False, using: 0 TPU cores
IPU available: False, using: 0 IPUs
HPU available: False, using: 0 HPUs
Missing logger folder: /home/g15farris/bin/bayesaenet/bnn_aenet/logs/rad_pred_100_54924759/runs/2025-03-11_12-14-24/lightning_logs
Restoring states from the checkpoint path at bnn_aenet/logs/rad_train_100perc_54924759/runs/2025-03-10_11-33-22/checkpoints/epoch_11281-step_282050.ckpt
Loaded model weights from the checkpoint at bnn_aenet/logs/rad_train_100perc_54924759/runs/2025-03-10_11-33-22/checkpoints/epoch_11281-step_282050.ckpt
GPU available: False, used: False
TPU available: False, using: 0 TPU cores
IPU available: False, using: 0 IPUs
HPU available: False, using: 0 HPUs
Missing logger folder: /home/g15farris/bin/bayesaenet/bnn_aenet/logs/rad_pred_100_77283966/runs/2025-03-11_12-14-53/lightning_logs
Restoring states from the checkpoint path at bnn_aenet/logs/rad_train_100perc_77283966/runs/2025-03-10_11-33-22/checkpoints/epoch_18880-step_472025.ckpt
Loaded model weights from the checkpoint at bnn_aenet/logs/rad_train_100perc_77283966/runs/2025-03-10_11-33-22/checkpoints/epoch_18880-step_472025.ckpt
GPU available: False, used: False
TPU available: False, using: 0 TPU cores
IPU available: False, using: 0 IPUs
HPU available: False, using: 0 HPUs
Missing logger folder: /home/g15farris/bin/bayesaenet/bnn_aenet/logs/rad_pred_100_62514774/runs/2025-03-11_12-15-11/lightning_logs
Restoring states from the checkpoint path at bnn_aenet/logs/rad_train_100perc_62514774/runs/2025-03-10_11-33-22/checkpoints/epoch_39549-step_988750.ckpt
Loaded model weights from the checkpoint at bnn_aenet/logs/rad_train_100perc_62514774/runs/2025-03-10_11-33-22/checkpoints/epoch_39549-step_988750.ckpt
GPU available: False, used: False
TPU available: False, using: 0 TPU cores
IPU available: False, using: 0 IPUs
HPU available: False, using: 0 HPUs
Missing logger folder: /home/g15farris/bin/bayesaenet/bnn_aenet/logs/rad_pred_100_56540453/runs/2025-03-11_12-15-25/lightning_logs
Restoring states from the checkpoint path at bnn_aenet/logs/rad_train_100perc_56540453/runs/2025-03-10_11-33-27/checkpoints/epoch_47843-step_1196100.ckpt
Loaded model weights from the checkpoint at bnn_aenet/logs/rad_train_100perc_56540453/runs/2025-03-10_11-33-27/checkpoints/epoch_47843-step_1196100.ckpt
GPU available: False, used: False
TPU available: False, using: 0 TPU cores
IPU available: False, using: 0 IPUs
HPU available: False, using: 0 HPUs
Missing logger folder: /home/g15farris/bin/bayesaenet/bnn_aenet/logs/rad_pred_100_50368337/runs/2025-03-11_12-15-39/lightning_logs
Restoring states from the checkpoint path at bnn_aenet/logs/rad_train_100perc_50368337/runs/2025-03-10_11-33-27/checkpoints/epoch_22945-step_573650.ckpt
Loaded model weights from the checkpoint at bnn_aenet/logs/rad_train_100perc_50368337/runs/2025-03-10_11-33-27/checkpoints/epoch_22945-step_573650.ckpt
GPU available: False, used: False
TPU available: False, using: 0 TPU cores
IPU available: False, using: 0 IPUs
HPU available: False, using: 0 HPUs
Missing logger folder: /home/g15farris/bin/bayesaenet/bnn_aenet/logs/rad_pred_100_54924759/runs/2025-03-12_10-45-14/lightning_logs
Restoring states from the checkpoint path at bnn_aenet/logs/rad_train_100perc_54924759/runs/2025-03-10_11-33-22/checkpoints/epoch_11281-step_282050.ckpt
Loaded model weights from the checkpoint at bnn_aenet/logs/rad_train_100perc_54924759/runs/2025-03-10_11-33-22/checkpoints/epoch_11281-step_282050.ckpt
GPU available: False, used: False
TPU available: False, using: 0 TPU cores
IPU available: False, using: 0 IPUs
HPU available: False, using: 0 HPUs
Missing logger folder: /home/g15farris/bin/bayesaenet/bnn_aenet/logs/rad_pred_100_77283966/runs/2025-03-12_10-45-36/lightning_logs
Restoring states from the checkpoint path at bnn_aenet/logs/rad_train_100perc_77283966/runs/2025-03-10_11-33-22/checkpoints/epoch_18880-step_472025.ckpt
Loaded model weights from the checkpoint at bnn_aenet/logs/rad_train_100perc_77283966/runs/2025-03-10_11-33-22/checkpoints/epoch_18880-step_472025.ckpt
GPU available: False, used: False
TPU available: False, using: 0 TPU cores
IPU available: False, using: 0 IPUs
HPU available: False, using: 0 HPUs
Missing logger folder: /home/g15farris/bin/bayesaenet/bnn_aenet/logs/rad_pred_100_62514774/runs/2025-03-12_10-45-46/lightning_logs
Restoring states from the checkpoint path at bnn_aenet/logs/rad_train_100perc_62514774/runs/2025-03-10_11-33-22/checkpoints/epoch_39549-step_988750.ckpt
Loaded model weights from the checkpoint at bnn_aenet/logs/rad_train_100perc_62514774/runs/2025-03-10_11-33-22/checkpoints/epoch_39549-step_988750.ckpt
GPU available: False, used: False
TPU available: False, using: 0 TPU cores
IPU available: False, using: 0 IPUs
HPU available: False, using: 0 HPUs
Missing logger folder: /home/g15farris/bin/bayesaenet/bnn_aenet/logs/rad_pred_100_56540453/runs/2025-03-12_10-45-56/lightning_logs
Restoring states from the checkpoint path at bnn_aenet/logs/rad_train_100perc_56540453/runs/2025-03-10_11-33-27/checkpoints/epoch_47843-step_1196100.ckpt
Loaded model weights from the checkpoint at bnn_aenet/logs/rad_train_100perc_56540453/runs/2025-03-10_11-33-27/checkpoints/epoch_47843-step_1196100.ckpt
GPU available: False, used: False
TPU available: False, using: 0 TPU cores
IPU available: False, using: 0 IPUs
HPU available: False, using: 0 HPUs
Missing logger folder: /home/g15farris/bin/bayesaenet/bnn_aenet/logs/rad_pred_100_50368337/runs/2025-03-12_10-46-06/lightning_logs
Restoring states from the checkpoint path at bnn_aenet/logs/rad_train_100perc_50368337/runs/2025-03-10_11-33-27/checkpoints/epoch_22945-step_573650.ckpt
Loaded model weights from the checkpoint at bnn_aenet/logs/rad_train_100perc_50368337/runs/2025-03-10_11-33-27/checkpoints/epoch_22945-step_573650.ckpt
Traceback (most recent call last):
  File "/home/g15farris/.conda/envs/bnn/lib/python3.12/site-packages/hydra/_internal/config_loader_impl.py", line 390, in _apply_overrides_to_config
    OmegaConf.update(cfg, key, value, merge=True)
  File "/home/g15farris/.conda/envs/bnn/lib/python3.12/site-packages/omegaconf/omegaconf.py", line 716, in update
    root[key_] = {}
    ~~~~^^^^^^
  File "/home/g15farris/.conda/envs/bnn/lib/python3.12/site-packages/omegaconf/dictconfig.py", line 310, in __setitem__
    self._format_and_raise(
  File "/home/g15farris/.conda/envs/bnn/lib/python3.12/site-packages/omegaconf/base.py", line 231, in _format_and_raise
    format_and_raise(
  File "/home/g15farris/.conda/envs/bnn/lib/python3.12/site-packages/omegaconf/_utils.py", line 819, in format_and_raise
    _raise(ex, cause)
  File "/home/g15farris/.conda/envs/bnn/lib/python3.12/site-packages/omegaconf/_utils.py", line 797, in _raise
    raise ex.with_traceback(sys.exc_info()[2])  # set env var OC_CAUSE=1 for full trace
    ^^^^^^^^^^^^^^^^^^^^^^^^^^^^^^^^^^^^^^^^^^
  File "/home/g15farris/.conda/envs/bnn/lib/python3.12/site-packages/omegaconf/dictconfig.py", line 308, in __setitem__
    self.__set_impl(key=key, value=value)
  File "/home/g15farris/.conda/envs/bnn/lib/python3.12/site-packages/omegaconf/dictconfig.py", line 318, in __set_impl
    self._set_item_impl(key, value)
  File "/home/g15farris/.conda/envs/bnn/lib/python3.12/site-packages/omegaconf/basecontainer.py", line 549, in _set_item_impl
    self._validate_set(key, value)
  File "/home/g15farris/.conda/envs/bnn/lib/python3.12/site-packages/omegaconf/dictconfig.py", line 180, in _validate_set
    target = self._get_node(key) if key is not None else self
             ^^^^^^^^^^^^^^^^^^^
  File "/home/g15farris/.conda/envs/bnn/lib/python3.12/site-packages/omegaconf/dictconfig.py", line 475, in _get_node
    self._validate_get(key)
  File "/home/g15farris/.conda/envs/bnn/lib/python3.12/site-packages/omegaconf/dictconfig.py", line 164, in _validate_get
    self._format_and_raise(
  File "/home/g15farris/.conda/envs/bnn/lib/python3.12/site-packages/omegaconf/base.py", line 231, in _format_and_raise
    format_and_raise(
  File "/home/g15farris/.conda/envs/bnn/lib/python3.12/site-packages/omegaconf/_utils.py", line 899, in format_and_raise
    _raise(ex, cause)
  File "/home/g15farris/.conda/envs/bnn/lib/python3.12/site-packages/omegaconf/_utils.py", line 797, in _raise
    raise ex.with_traceback(sys.exc_info()[2])  # set env var OC_CAUSE=1 for full trace
    ^^^^^^^^^^^^^^^^^^^^^^^^^^^^^^^^^^^^^^^^^^
omegaconf.errors.ConfigKeyError: Key 'model' is not in struct
    full_key: model
    object_type=dict

The above exception was the direct cause of the following exception:

Traceback (most recent call last):
  File "/home/g15farris/bin/bayesaenet/bnn_aenet/tasks/predict.py", line 113, in <module>
    main()
  File "/home/g15farris/.conda/envs/bnn/lib/python3.12/site-packages/hydra/main.py", line 94, in decorated_main
    _run_hydra(
  File "/home/g15farris/.conda/envs/bnn/lib/python3.12/site-packages/hydra/_internal/utils.py", line 394, in _run_hydra
    _run_app(
  File "/home/g15farris/.conda/envs/bnn/lib/python3.12/site-packages/hydra/_internal/utils.py", line 457, in _run_app
    run_and_report(
  File "/home/g15farris/.conda/envs/bnn/lib/python3.12/site-packages/hydra/_internal/utils.py", line 223, in run_and_report
    raise ex
  File "/home/g15farris/.conda/envs/bnn/lib/python3.12/site-packages/hydra/_internal/utils.py", line 220, in run_and_report
    return func()
           ^^^^^^
  File "/home/g15farris/.conda/envs/bnn/lib/python3.12/site-packages/hydra/_internal/utils.py", line 458, in <lambda>
    lambda: hydra.run(
            ^^^^^^^^^^
  File "/home/g15farris/.conda/envs/bnn/lib/python3.12/site-packages/hydra/_internal/hydra.py", line 105, in run
    cfg = self.compose_config(
          ^^^^^^^^^^^^^^^^^^^^
  File "/home/g15farris/.conda/envs/bnn/lib/python3.12/site-packages/hydra/_internal/hydra.py", line 594, in compose_config
    cfg = self.config_loader.load_configuration(
          ^^^^^^^^^^^^^^^^^^^^^^^^^^^^^^^^^^^^^^
  File "/home/g15farris/.conda/envs/bnn/lib/python3.12/site-packages/hydra/_internal/config_loader_impl.py", line 142, in load_configuration
    return self._load_configuration_impl(
           ^^^^^^^^^^^^^^^^^^^^^^^^^^^^^^
  File "/home/g15farris/.conda/envs/bnn/lib/python3.12/site-packages/hydra/_internal/config_loader_impl.py", line 276, in _load_configuration_impl
    ConfigLoaderImpl._apply_overrides_to_config(config_overrides, cfg)
  File "/home/g15farris/.conda/envs/bnn/lib/python3.12/site-packages/hydra/_internal/config_loader_impl.py", line 392, in _apply_overrides_to_config
    raise ConfigCompositionException(
hydra.errors.ConfigCompositionException: Could not override 'model.mc_samples_eval'.
To append to your config use +model.mc_samples_eval=100
GPU available: False, used: False
TPU available: False, using: 0 TPU cores
IPU available: False, using: 0 IPUs
HPU available: False, using: 0 HPUs
Missing logger folder: /home/g15farris/bin/bayesaenet/bnn_aenet/logs/rad_pred_100_54924759/runs/2025-05-07_15-14-18/lightning_logs
Restoring states from the checkpoint path at bnn_aenet/logs/rad_train_100perc_54924759/runs/2025-03-10_11-33-22/checkpoints/epoch_11281-step_282050.ckpt
Loaded model weights from the checkpoint at bnn_aenet/logs/rad_train_100perc_54924759/runs/2025-03-10_11-33-22/checkpoints/epoch_11281-step_282050.ckpt
GPU available: False, used: False
TPU available: False, using: 0 TPU cores
IPU available: False, using: 0 IPUs
HPU available: False, using: 0 HPUs
Missing logger folder: /home/g15farris/bin/bayesaenet/bnn_aenet/logs/rad_pred_100_77283966/runs/2025-05-07_15-30-12/lightning_logs
Restoring states from the checkpoint path at bnn_aenet/logs/rad_train_100perc_77283966/runs/2025-03-10_11-33-22/checkpoints/epoch_18880-step_472025.ckpt
Loaded model weights from the checkpoint at bnn_aenet/logs/rad_train_100perc_77283966/runs/2025-03-10_11-33-22/checkpoints/epoch_18880-step_472025.ckpt
GPU available: False, used: False
TPU available: False, using: 0 TPU cores
IPU available: False, using: 0 IPUs
HPU available: False, using: 0 HPUs
Missing logger folder: /home/g15farris/bin/bayesaenet/bnn_aenet/logs/rad_pred_100_62514774/runs/2025-05-07_15-41-24/lightning_logs
Restoring states from the checkpoint path at bnn_aenet/logs/rad_train_100perc_62514774/runs/2025-03-10_11-33-22/checkpoints/epoch_39549-step_988750.ckpt
Loaded model weights from the checkpoint at bnn_aenet/logs/rad_train_100perc_62514774/runs/2025-03-10_11-33-22/checkpoints/epoch_39549-step_988750.ckpt
GPU available: False, used: False
TPU available: False, using: 0 TPU cores
IPU available: False, using: 0 IPUs
HPU available: False, using: 0 HPUs
Missing logger folder: /home/g15farris/bin/bayesaenet/bnn_aenet/logs/rad_pred_100_56540453/runs/2025-05-07_15-51-36/lightning_logs
Restoring states from the checkpoint path at bnn_aenet/logs/rad_train_100perc_56540453/runs/2025-03-10_11-33-27/checkpoints/epoch_47843-step_1196100.ckpt
Loaded model weights from the checkpoint at bnn_aenet/logs/rad_train_100perc_56540453/runs/2025-03-10_11-33-27/checkpoints/epoch_47843-step_1196100.ckpt
GPU available: False, used: False
TPU available: False, using: 0 TPU cores
IPU available: False, using: 0 IPUs
HPU available: False, using: 0 HPUs
Missing logger folder: /home/g15farris/bin/bayesaenet/bnn_aenet/logs/rad_pred_100_50368337/runs/2025-05-07_16-01-19/lightning_logs
Restoring states from the checkpoint path at bnn_aenet/logs/rad_train_100perc_50368337/runs/2025-03-10_11-33-27/checkpoints/epoch_22945-step_573650.ckpt
Loaded model weights from the checkpoint at bnn_aenet/logs/rad_train_100perc_50368337/runs/2025-03-10_11-33-27/checkpoints/epoch_22945-step_573650.ckpt
